<?xml version="1.0" encoding="UTF-8"?>
<testng-results skipped="0" failed="0" ignored="0" total="1" passed="1">
  <reporter-output>
  </reporter-output>
  <suite name="Default suite" duration-ms="36326" started-at="2021-03-26T20:19:35Z" finished-at="2021-03-26T20:20:12Z">
    <groups>
    </groups>
    <test name="Default test" duration-ms="36326" started-at="2021-03-26T20:19:35Z" finished-at="2021-03-26T20:20:12Z">
      <class name="com.darksky.tests.HomePageTest">
        <test-method status="PASS" signature="setUp()[pri:0, instance:com.darksky.tests.HomePageTest@69b2283a]" name="setUp" is-config="true" duration-ms="26367" started-at="2021-03-26T20:19:36Z" finished-at="2021-03-26T20:20:02Z">
          <reporter-output>
          </reporter-output>
        </test-method> <!-- setUp -->
        <test-method status="PASS" signature="isDisplayedLowAndHighTemp()[pri:1, instance:com.darksky.tests.HomePageTest@69b2283a]" name="isDisplayedLowAndHighTemp" duration-ms="8729" started-at="2021-03-26T20:20:02Z" description="Test for Low Temp and High Temp" finished-at="2021-03-26T20:20:11Z">
          <reporter-output>
          </reporter-output>
        </test-method> <!-- isDisplayedLowAndHighTemp -->
        <test-method status="PASS" signature="tearDown()[pri:0, instance:com.darksky.tests.HomePageTest@69b2283a]" name="tearDown" is-config="true" duration-ms="852" started-at="2021-03-26T20:20:11Z" finished-at="2021-03-26T20:20:12Z">
          <reporter-output>
          </reporter-output>
        </test-method> <!-- tearDown -->
      </class> <!-- com.darksky.tests.HomePageTest -->
    </test> <!-- Default test -->
  </suite> <!-- Default suite -->
</testng-results>
